nohup: input ignorato
/home/campaneros/Documenti/Tesi_Mik/tennis_prediction/scripts/data_loader.py:27: DtypeWarning: Columns (14) have mixed types. Specify dtype option on import or set low_memory=False.
  df = pd.read_csv(path)
Fine-tuning on 45 files
================================================================================
PHASE 2: FINE-TUNING ON REAL MATCH DATA
================================================================================

[1/5] Loading pre-trained model...
Loading pre-trained model from models/tennis_rules_pretrained_v3.pth...
  ✓ Loaded model pre-trained on 30000 synthetic matches
  ✓ Architecture: [128, 64]
  ✓ Temperature: 3.0

[2/5] Loading real match data...
[load_points_single] Removed 346 metadata rows from data/2017-usopen-points.csv
[load_points_single] Removed 356 metadata rows from data/2018-usopen-points.csv
[load_points_single] Removed 521 metadata rows from data/2018-wimbledon-points.csv
[load_points_single] Removed 496 metadata rows from data/2020-usopen-points.csv
[load_points_single] Removed 508 metadata rows from data/2021-usopen-points.csv
[load_points_single] Removed 521 metadata rows from data/2021-wimbledon-points.csv
[load_points_single] Removed 664 metadata rows from data/2022-usopen-points.csv
[load_points_single] Removed 513 metadata rows from data/2022-wimbledon-points.csv
[load_points_single] Removed 506 metadata rows from data/2023-usopen-points.csv
[load_points_single] Removed 512 metadata rows from data/2023-wimbledon-points.csv
[load_points_single] Removed 506 metadata rows from data/2024-usopen-points.csv
[load_points_single] Removed 511 metadata rows from data/2024-wimbledon-points.csv
  Gender filter: male
  Total points loaded: 1036476
  Matches: 4660

[3/5] Computing features from real data...
  Features shape: (1036476, 31)
  Matches: 4660
  Match label distribution: 0.432
  Train: 824841 points from 3728 matches
  Val: 211635 points from 932 matches
  Using device: cpu

[4/5] Fine-tuning for 30 epochs...
  Epoch 1/30 - Train Loss: 4.2823, Val Loss: 2.7484
  Epoch 5/30 - Train Loss: 1.5547, Val Loss: 1.4758
  Epoch 10/30 - Train Loss: 1.2054, Val Loss: 1.2510
  Epoch 15/30 - Train Loss: 1.0720, Val Loss: 1.1429
  Epoch 20/30 - Train Loss: 0.9885, Val Loss: 1.0734
  Epoch 25/30 - Train Loss: 0.9484, Val Loss: 1.0402
  Epoch 30/30 - Train Loss: 0.9232, Val Loss: 1.0198

[5/5] Saving fine-tuned model...

================================================================================
Fine-tuning summary:
  - Pre-trained on: 30000 synthetic matches
  - Fine-tuned on: 3728 real matches (824841 points)
  - Best validation loss: 1.0198
  - Model saved to: models/complete_model_v3.pth
================================================================================


================================================================================
FINE-TUNING COMPLETE!
================================================================================
Model saved to: models/complete_model_v3.pth
